2020-12-04 22:15:53,364 [INFO] Activator:176 - 


2020-12-04 22:15:53,367 [INFO] Activator:177 - !SESSION log4j initialized
2020-12-04 22:16:58,304 [INFO] ApplicationProperties:181 - Using Application install path: C:\ST\STM32CubeIDE_1.3.0\STM32CubeIDE\plugins\com.st.stm32cube.common.mx_5.6.0.202002181639
2020-12-04 22:16:58,328 [INFO] DbMcusXml:72 - Set database path to: C:\ST\STM32CubeIDE_1.3.0\STM32CubeIDE\plugins\com.st.stm32cube.common.mx_5.6.0.202002181639\\db\/mcu/
2020-12-04 22:16:58,337 [INFO] DbBoardsPdsc:54 - Set plugin database path to: C:\ST\STM32CubeIDE_1.3.0\STM32CubeIDE\plugins\com.st.stm32cube.common.mx_5.6.0.202002181639\\db\/plugins/boardmanager/
2020-12-04 22:16:58,337 [INFO] DbMcus:235 - Set plugin images path to: C:\ST\STM32CubeIDE_1.3.0\STM32CubeIDE\plugins\com.st.stm32cube.common.mx_5.6.0.202002181639\\db\/plugins/mcufinder/images/
2020-12-04 22:16:58,337 [INFO] DbBoards:232 - Set plugin images path to: C:\ST\STM32CubeIDE_1.3.0\STM32CubeIDE\plugins\com.st.stm32cube.common.mx_5.6.0.202002181639\\db\/plugins/mcufinder/images/
2020-12-04 22:16:58,353 [INFO] DbMcusAds:85 - Set database path to: C:\Users\vivek\.stmcufinder\plugins\mcufinder//mcu/
2020-12-04 22:16:58,359 [INFO] DbMcusDocs:108 - Set database path to: C:\Users\vivek\.stmcufinder\plugins\mcufinder//mcu/
2020-12-04 22:16:58,361 [INFO] DbMcusJson:61 - Set database path to: C:\Users\vivek\.stmcufinder\plugins\mcufinder//mcu/
2020-12-04 22:16:58,364 [INFO] DbBoardsDocs:97 - Set database path to: C:\Users\vivek\.stmcufinder\plugins\mcufinder//mcu/
2020-12-04 22:16:58,364 [INFO] DbBoardsJson:51 - Set database path to: C:\Users\vivek\.stmcufinder\plugins\mcufinder//mcu/
2020-12-04 22:16:58,374 [INFO] CrossReferenceDbSqlite:197 - Set database path to: C:\Users\vivek\.stmcufinder\plugins\mcufinder//mcu/cs/
2020-12-04 22:16:58,504 [INFO] RulesReader:52 - Compatibility file has been processed (208 Rules)
2020-12-04 22:16:58,595 [INFO] MicroXplorer:570 - Detected Java Version = 1.8.0_242
2020-12-04 22:16:58,595 [INFO] DbMcusXml:72 - Set database path to: C:\ST\STM32CubeIDE_1.3.0\STM32CubeIDE\plugins\com.st.stm32cube.common.mx_5.6.0.202002181639\\db\/mcu/
2020-12-04 22:16:58,595 [INFO] DbBoardsPdsc:54 - Set plugin database path to: C:\ST\STM32CubeIDE_1.3.0\STM32CubeIDE\plugins\com.st.stm32cube.common.mx_5.6.0.202002181639\\db\/plugins/boardmanager/
2020-12-04 22:16:58,595 [INFO] DbMcus:235 - Set plugin images path to: C:\ST\STM32CubeIDE_1.3.0\STM32CubeIDE\plugins\com.st.stm32cube.common.mx_5.6.0.202002181639\\db\/plugins/mcufinder/images/
2020-12-04 22:16:58,596 [INFO] DbBoards:232 - Set plugin images path to: C:\ST\STM32CubeIDE_1.3.0\STM32CubeIDE\plugins\com.st.stm32cube.common.mx_5.6.0.202002181639\\db\/plugins/mcufinder/images/
2020-12-04 22:16:58,596 [WARN] DbFile:36 - Overriding database path with different value: C:\Users\vivek\.stmcufinder\plugins\mcufinder/ => C:\Users\vivek\.stmcufinder\plugins\mcufinder
2020-12-04 22:16:58,596 [INFO] DbMcusAds:85 - Set database path to: C:\Users\vivek\.stmcufinder\plugins\mcufinder//mcu/
2020-12-04 22:16:58,596 [WARN] DbFile:36 - Overriding database path with different value: C:\Users\vivek\.stmcufinder\plugins\mcufinder/ => C:\Users\vivek\.stmcufinder\plugins\mcufinder
2020-12-04 22:16:58,596 [INFO] DbMcusDocs:108 - Set database path to: C:\Users\vivek\.stmcufinder\plugins\mcufinder//mcu/
2020-12-04 22:16:58,596 [WARN] DbFile:36 - Overriding database path with different value: C:\Users\vivek\.stmcufinder\plugins\mcufinder/ => C:\Users\vivek\.stmcufinder\plugins\mcufinder
2020-12-04 22:16:58,597 [INFO] DbMcusJson:61 - Set database path to: C:\Users\vivek\.stmcufinder\plugins\mcufinder//mcu/
2020-12-04 22:16:58,597 [WARN] DbFile:36 - Overriding database path with different value: C:\Users\vivek\.stmcufinder\plugins\mcufinder/ => C:\Users\vivek\.stmcufinder\plugins\mcufinder
2020-12-04 22:16:58,598 [INFO] DbBoardsDocs:97 - Set database path to: C:\Users\vivek\.stmcufinder\plugins\mcufinder//mcu/
2020-12-04 22:16:58,598 [WARN] DbFile:36 - Overriding database path with different value: C:\Users\vivek\.stmcufinder\plugins\mcufinder/ => C:\Users\vivek\.stmcufinder\plugins\mcufinder
2020-12-04 22:16:58,598 [INFO] DbBoardsJson:51 - Set database path to: C:\Users\vivek\.stmcufinder\plugins\mcufinder//mcu/
2020-12-04 22:16:58,598 [WARN] DbFile:36 - Overriding database path with different value: C:\Users\vivek\.stmcufinder\plugins\mcufinder/ => C:\Users\vivek\.stmcufinder\plugins\mcufinder
2020-12-04 22:16:58,598 [WARN] DbFile:36 - Overriding database path with different value: C:\Users\vivek\.stmcufinder\plugins\mcufinder/ => C:\Users\vivek\.stmcufinder\plugins\mcufinder
2020-12-04 22:16:58,598 [INFO] CrossReferenceDbSqlite:197 - Set database path to: C:\Users\vivek\.stmcufinder\plugins\mcufinder//mcu/cs/
2020-12-04 22:16:58,735 [INFO] MainPanel:181 - HeapMemory: 268435456
2020-12-04 22:16:58,839 [INFO] DbMcusXml:72 - Set database path to: C:\ST\STM32CubeIDE_1.3.0\STM32CubeIDE\plugins\com.st.stm32cube.common.mx_5.6.0.202002181639\\db\/mcu/
2020-12-04 22:16:58,839 [INFO] DbBoardsPdsc:54 - Set plugin database path to: C:\ST\STM32CubeIDE_1.3.0\STM32CubeIDE\plugins\com.st.stm32cube.common.mx_5.6.0.202002181639\\db\/plugins/boardmanager/
2020-12-04 22:16:58,839 [INFO] DbMcus:235 - Set plugin images path to: C:\ST\STM32CubeIDE_1.3.0\STM32CubeIDE\plugins\com.st.stm32cube.common.mx_5.6.0.202002181639\\db\/plugins/mcufinder/images/
2020-12-04 22:16:58,839 [INFO] DbBoards:232 - Set plugin images path to: C:\ST\STM32CubeIDE_1.3.0\STM32CubeIDE\plugins\com.st.stm32cube.common.mx_5.6.0.202002181639\\db\/plugins/mcufinder/images/
2020-12-04 22:16:58,840 [WARN] DbFile:36 - Overriding database path with different value: C:\Users\vivek\.stmcufinder\plugins\mcufinder/ => C:\Users\vivek\.stmcufinder\plugins\mcufinder
2020-12-04 22:16:58,840 [INFO] DbMcusAds:85 - Set database path to: C:\Users\vivek\.stmcufinder\plugins\mcufinder//mcu/
2020-12-04 22:16:58,841 [WARN] DbFile:36 - Overriding database path with different value: C:\Users\vivek\.stmcufinder\plugins\mcufinder/ => C:\Users\vivek\.stmcufinder\plugins\mcufinder
2020-12-04 22:16:58,841 [INFO] DbMcusDocs:108 - Set database path to: C:\Users\vivek\.stmcufinder\plugins\mcufinder//mcu/
2020-12-04 22:16:58,841 [WARN] DbFile:36 - Overriding database path with different value: C:\Users\vivek\.stmcufinder\plugins\mcufinder/ => C:\Users\vivek\.stmcufinder\plugins\mcufinder
2020-12-04 22:16:58,841 [INFO] DbMcusJson:61 - Set database path to: C:\Users\vivek\.stmcufinder\plugins\mcufinder//mcu/
2020-12-04 22:16:58,841 [WARN] DbFile:36 - Overriding database path with different value: C:\Users\vivek\.stmcufinder\plugins\mcufinder/ => C:\Users\vivek\.stmcufinder\plugins\mcufinder
2020-12-04 22:16:58,841 [INFO] DbBoardsDocs:97 - Set database path to: C:\Users\vivek\.stmcufinder\plugins\mcufinder//mcu/
2020-12-04 22:16:58,842 [WARN] DbFile:36 - Overriding database path with different value: C:\Users\vivek\.stmcufinder\plugins\mcufinder/ => C:\Users\vivek\.stmcufinder\plugins\mcufinder
2020-12-04 22:16:58,842 [INFO] DbBoardsJson:51 - Set database path to: C:\Users\vivek\.stmcufinder\plugins\mcufinder//mcu/
2020-12-04 22:16:58,842 [WARN] DbFile:36 - Overriding database path with different value: C:\Users\vivek\.stmcufinder\plugins\mcufinder/ => C:\Users\vivek\.stmcufinder\plugins\mcufinder
2020-12-04 22:16:58,842 [WARN] DbFile:36 - Overriding database path with different value: C:\Users\vivek\.stmcufinder\plugins\mcufinder/ => C:\Users\vivek\.stmcufinder\plugins\mcufinder
2020-12-04 22:16:58,842 [INFO] CrossReferenceDbSqlite:197 - Set database path to: C:\Users\vivek\.stmcufinder\plugins\mcufinder//mcu/cs/
2020-12-04 22:16:58,865 [INFO] ApplicationProperties:181 - Using Application install path: C:\ST\STM32CubeIDE_1.3.0\STM32CubeIDE\plugins\com.st.stm32cube.common.mx_5.6.0.202002181639
2020-12-04 22:16:58,867 [INFO] PluginManage:178 - Search for loadable plugins [exclusion list=, tutovideos]
2020-12-04 22:16:58,870 [INFO] PluginManage:292 - Check plugin analytics
2020-12-04 22:16:58,877 [INFO] PluginManage:342 - Loaded plugin analytics (category:tool,tabindex:-1)
2020-12-04 22:16:58,878 [INFO] PluginManage:292 - Check plugin clock
2020-12-04 22:16:58,892 [INFO] PluginManage:342 - Loaded plugin clock (category:base,tabindex:2)
2020-12-04 22:16:58,892 [INFO] PluginManage:292 - Check plugin ddr
2020-12-04 22:16:58,898 [INFO] PluginManage:342 - Loaded plugin ddr (category:tool,tabindex:6)
2020-12-04 22:16:58,898 [INFO] PluginManage:292 - Check plugin filemanager
2020-12-04 22:16:59,499 [INFO] PluginManage:342 - Loaded plugin filemanager (category:base,tabindex:10)
2020-12-04 22:16:59,499 [INFO] PluginManage:292 - Check plugin ipmanager
2020-12-04 22:16:59,509 [INFO] PluginManage:342 - Loaded plugin ipmanager (category:base,tabindex:5)
2020-12-04 22:16:59,510 [INFO] PluginManage:292 - Check plugin pinoutandconfiguration
2020-12-04 22:16:59,520 [INFO] PluginManage:342 - Loaded plugin pinoutandconfiguration (category:base,tabindex:1)
2020-12-04 22:16:59,520 [INFO] PluginManage:292 - Check plugin pinoutconfig
2020-12-04 22:16:59,549 [INFO] PluginManage:342 - Loaded plugin pinoutconfig (category:base,tabindex:0)
2020-12-04 22:16:59,549 [INFO] PluginManage:292 - Check plugin power
2020-12-04 22:16:59,565 [INFO] PluginManage:342 - Loaded plugin power (category:power,tabindex:4)
2020-12-04 22:16:59,565 [INFO] PluginManage:292 - Check plugin projectmanager
2020-12-04 22:16:59,584 [INFO] PluginManage:342 - Loaded plugin projectmanager (category:projectmanager,tabindex:3)
2020-12-04 22:16:59,584 [INFO] PluginManage:292 - Check plugin thirdparty
2020-12-04 22:16:59,655 [INFO] ThirdPartyDb:295 - Open Third Party DataBase File (C:/Users/vivek/.stm32cubemx/plugins/thirdparty/db/thirdparties_db.xml) : 31 ms. number of Sw pack : 24
2020-12-04 22:16:59,663 [INFO] PluginManage:342 - Loaded plugin thirdparty (category:base,tabindex:-1)
2020-12-04 22:16:59,663 [INFO] PluginManage:292 - Check plugin tools
2020-12-04 22:16:59,666 [INFO] PluginManage:342 - Loaded plugin tools (category:base,tabindex:7)
2020-12-04 22:16:59,666 [INFO] PluginManage:292 - Check plugin tutovideos
2020-12-04 22:16:59,667 [INFO] PluginManage:347 - Ignore plugin tutovideos (category:base)
2020-12-04 22:16:59,667 [INFO] PluginManage:292 - Check plugin updater
2020-12-04 22:16:59,684 [INFO] PluginManage:342 - Loaded plugin updater (category:base,tabindex:12)
2020-12-04 22:16:59,685 [INFO] PluginManage:265 - PluginManage : Loaded plugins [12]
2020-12-04 22:16:59,875 [INFO] PinOutPanel:1420 - setPackage(No Configuration,No Configuration)
2020-12-04 22:16:59,973 [INFO] IPUIPlugin:65 - create IPUIPlugin
2020-12-04 22:16:59,974 [INFO] PluginManager:200 - loadIPPluginJar : add adc
2020-12-04 22:16:59,976 [INFO] IPUIPlugin:65 - create IPUIPlugin
2020-12-04 22:16:59,976 [INFO] PluginManager:200 - loadIPPluginJar : add aes
2020-12-04 22:16:59,980 [INFO] IPUIPlugin:65 - create IPUIPlugin
2020-12-04 22:16:59,981 [INFO] PluginManager:200 - loadIPPluginJar : add can
2020-12-04 22:16:59,983 [INFO] IPUIPlugin:65 - create IPUIPlugin
2020-12-04 22:16:59,983 [INFO] PluginManager:200 - loadIPPluginJar : add comp
2020-12-04 22:16:59,986 [INFO] IPUIPlugin:65 - create IPUIPlugin
2020-12-04 22:16:59,986 [INFO] PluginManager:200 - loadIPPluginJar : add cryp
2020-12-04 22:16:59,990 [INFO] IPUIPlugin:65 - create IPUIPlugin
2020-12-04 22:16:59,990 [INFO] PluginManager:200 - loadIPPluginJar : add dfsdm
2020-12-04 22:16:59,995 [INFO] IPUIPlugin:65 - create IPUIPlugin
2020-12-04 22:16:59,996 [INFO] PluginManager:200 - loadIPPluginJar : add dma
2020-12-04 22:16:59,999 [INFO] IPUIPlugin:65 - create IPUIPlugin
2020-12-04 22:16:59,999 [INFO] PluginManager:200 - loadIPPluginJar : add fatfs
2020-12-04 22:17:00,004 [INFO] IPUIPlugin:65 - create IPUIPlugin
2020-12-04 22:17:00,005 [INFO] PluginManager:200 - loadIPPluginJar : add fmc
2020-12-04 22:17:00,013 [INFO] IPUIPlugin:65 - create IPUIPlugin
2020-12-04 22:17:00,013 [INFO] PluginManager:200 - loadIPPluginJar : add freertos
2020-12-04 22:17:00,016 [INFO] IPUIPlugin:65 - create IPUIPlugin
2020-12-04 22:17:00,016 [INFO] PluginManager:200 - loadIPPluginJar : add genericplugin
2020-12-04 22:17:00,018 [INFO] IPUIPlugin:65 - create IPUIPlugin
2020-12-04 22:17:00,018 [INFO] PluginManager:200 - loadIPPluginJar : add gfxmmu
2020-12-04 22:17:00,021 [INFO] IPUIPlugin:65 - create IPUIPlugin
2020-12-04 22:17:00,021 [INFO] PluginManager:200 - loadIPPluginJar : add gic
2020-12-04 22:17:00,031 [INFO] IPUIPlugin:65 - create IPUIPlugin
2020-12-04 22:17:00,031 [INFO] PluginManager:200 - loadIPPluginJar : add gpio
2020-12-04 22:17:00,033 [INFO] IPUIPlugin:65 - create IPUIPlugin
2020-12-04 22:17:00,033 [INFO] PluginManager:200 - loadIPPluginJar : add gtzc
2020-12-04 22:17:00,038 [INFO] IPUIPlugin:65 - create IPUIPlugin
2020-12-04 22:17:00,038 [INFO] PluginManager:200 - loadIPPluginJar : add hash
2020-12-04 22:17:00,040 [INFO] IPUIPlugin:65 - create IPUIPlugin
2020-12-04 22:17:00,042 [INFO] PluginManager:200 - loadIPPluginJar : add i2c
2020-12-04 22:17:00,044 [INFO] IPUIPlugin:65 - create IPUIPlugin
2020-12-04 22:17:00,044 [INFO] PluginManager:200 - loadIPPluginJar : add i2s
2020-12-04 22:17:00,058 [INFO] IPUIPlugin:65 - create IPUIPlugin
2020-12-04 22:17:00,058 [INFO] PluginManager:200 - loadIPPluginJar : add ipddr
2020-12-04 22:17:00,061 [INFO] IPUIPlugin:65 - create IPUIPlugin
2020-12-04 22:17:00,061 [INFO] PluginManager:200 - loadIPPluginJar : add ltdc
2020-12-04 22:17:00,063 [INFO] IPUIPlugin:65 - create IPUIPlugin
2020-12-04 22:17:00,063 [INFO] PluginManager:200 - loadIPPluginJar : add mdma
2020-12-04 22:17:00,067 [INFO] IPUIPlugin:65 - create IPUIPlugin
2020-12-04 22:17:00,067 [INFO] PluginManager:200 - loadIPPluginJar : add nvic
2020-12-04 22:17:00,073 [INFO] IPUIPlugin:65 - create IPUIPlugin
2020-12-04 22:17:00,073 [INFO] PluginManager:200 - loadIPPluginJar : add opamp
2020-12-04 22:17:00,076 [INFO] IPUIPlugin:65 - create IPUIPlugin
2020-12-04 22:17:00,077 [INFO] PluginManager:200 - loadIPPluginJar : add pdm2pcm
2020-12-04 22:17:00,084 [INFO] IPUIPlugin:65 - create IPUIPlugin
2020-12-04 22:17:00,086 [INFO] PluginManager:200 - loadIPPluginJar : add plateformsettings
2020-12-04 22:17:00,086 [INFO] IPUIPlugin:65 - create IPUIPlugin
2020-12-04 22:17:00,086 [INFO] PluginManager:200 - loadIPPluginJar : add quadspi
2020-12-04 22:17:00,093 [INFO] IPUIPlugin:65 - create IPUIPlugin
2020-12-04 22:17:00,093 [INFO] PluginManager:200 - loadIPPluginJar : add resmgrutility
2020-12-04 22:17:00,096 [INFO] IPUIPlugin:65 - create IPUIPlugin
2020-12-04 22:17:00,096 [INFO] PluginManager:200 - loadIPPluginJar : add sai
2020-12-04 22:17:00,100 [INFO] IPUIPlugin:65 - create IPUIPlugin
2020-12-04 22:17:00,100 [INFO] PluginManager:200 - loadIPPluginJar : add spi
2020-12-04 22:17:00,103 [INFO] IPUIPlugin:65 - create IPUIPlugin
2020-12-04 22:17:00,105 [INFO] PluginManager:200 - loadIPPluginJar : add stm32_wpan
2020-12-04 22:17:00,108 [INFO] IPUIPlugin:65 - create IPUIPlugin
2020-12-04 22:17:00,108 [INFO] PluginManager:200 - loadIPPluginJar : add tim
2020-12-04 22:17:00,113 [INFO] IPUIPlugin:65 - create IPUIPlugin
2020-12-04 22:17:00,113 [INFO] PluginManager:200 - loadIPPluginJar : add touchsensing
2020-12-04 22:17:00,114 [INFO] IPUIPlugin:65 - create IPUIPlugin
2020-12-04 22:17:00,114 [INFO] PluginManager:200 - loadIPPluginJar : add tracer_emb
2020-12-04 22:17:00,118 [INFO] IPUIPlugin:65 - create IPUIPlugin
2020-12-04 22:17:00,118 [INFO] PluginManager:200 - loadIPPluginJar : add ts
2020-12-04 22:17:00,120 [INFO] IPUIPlugin:65 - create IPUIPlugin
2020-12-04 22:17:00,120 [INFO] PluginManager:200 - loadIPPluginJar : add tsc
2020-12-04 22:17:00,122 [INFO] IPUIPlugin:65 - create IPUIPlugin
2020-12-04 22:17:00,122 [INFO] PluginManager:200 - loadIPPluginJar : add ucpd
2020-12-04 22:17:00,127 [INFO] IPUIPlugin:65 - create IPUIPlugin
2020-12-04 22:17:00,127 [INFO] PluginManager:200 - loadIPPluginJar : add usart
2020-12-04 22:17:01,114 [INFO] BoardConnectionPanel:3472 - [DDR PANEL] STM32CubeIDE environment
2020-12-04 22:17:01,114 [INFO] MainDdrPanel:103 - [DDR PANEL] GETTER - cubeProgrammerPath is: null
2020-12-04 22:17:01,299 [FATAL] Updater:277 - Updater called before beeing initialized
2020-12-04 22:17:01,488 [FATAL] Updater:277 - Updater called before beeing initialized
2020-12-04 22:17:01,492 [INFO] PinOutPanel:1420 - setPackage(No Configuration,No Configuration)
2020-12-04 22:17:01,493 [FATAL] Updater:277 - Updater called before beeing initialized
2020-12-04 22:17:01,496 [INFO] BoardConnectionPanel:3472 - [DDR PANEL] STM32CubeIDE environment
2020-12-04 22:17:01,496 [INFO] MainDdrPanel:103 - [DDR PANEL] GETTER - cubeProgrammerPath is: C:\ST\STM32CubeIDE_1.3.0\STM32CubeIDE\plugins\com.st.stm32cube.ide.mcu.externaltools.cubeprogrammer.win32_1.3.0.202002181050\tools\bin
2020-12-04 22:17:01,504 [INFO] ProgrammerExecThread:148 - [ProgrammerAPI] CubeProgrammer command construction: C:\ST\STM32CubeIDE_1.3.0\STM32CubeIDE\plugins\com.st.stm32cube.ide.mcu.externaltools.cubeprogrammer.win32_1.3.0.202002181050\tools\bin\STM32_Programmer_CLI.exe -l
2020-12-04 22:17:01,707 [INFO] MainDdrPanel:93 - [DDR PANEL] SETTER - Set cubeProgrammerPath to: C:\ST\STM32CubeIDE_1.3.0\STM32CubeIDE\plugins\com.st.stm32cube.ide.mcu.externaltools.cubeprogrammer.win32_1.3.0.202002181050\tools\bin
2020-12-04 22:17:01,718 [INFO] Updater:886 - Updater Version found : 5.6.0
2020-12-04 22:17:01,744 [INFO] ApplicationProperties:181 - Using Application install path: C:\ST\STM32CubeIDE_1.3.0\STM32CubeIDE\plugins\com.st.stm32cube.common.mx_5.6.0.202002181639
2020-12-04 22:17:01,846 [INFO] MainUpdater:452 - Copy updater definitions from MX database
2020-12-04 22:17:01,889 [ERROR] ServerAccessManage:1004 - Warning during Server Connexion :  Unknown host sw-center.st.com
2020-12-04 22:17:01,890 [ERROR] ServerAccessManage:1004 - Warning during Server Connexion :  Unknown host www.ebuc23.com
2020-12-04 22:17:01,893 [INFO] MainUpdater:2230 - connection check result : 22
2020-12-04 22:17:01,894 [INFO] MainUpdater:236 - Updater Check For Update Now.
2020-12-04 22:17:01,894 [INFO] MicroXplorer:420 - Change Database Version : DB.5.0.60
2020-12-04 22:17:01,933 [INFO] CheckServerUpdateThread:92 - End of CheckServer Thread
2020-12-04 22:17:02,101 [ERROR] ServerAccessManage:1004 - Warning during Server Connexion :  Unknown host sw-center.st.com
2020-12-04 22:17:02,102 [ERROR] ServerAccessManage:1004 - Warning during Server Connexion :  Unknown host www.ebuc23.com
2020-12-04 22:17:02,103 [INFO] MainUpdater:2230 - connection check result : 22
2020-12-04 22:17:02,104 [INFO] LogOutputStream:76 - [STDOUT_REDIRECT] proxy connection test failed
2020-12-04 22:17:02,878 [INFO] ThirdPartyDb:261 - Close Third Party DataBase File (C:/Users/vivek/.stm32cubemx/plugins/thirdparty/db/thirdparties_db.xml)
2020-12-04 22:17:02,917 [INFO] IntegrityCheckThread:98 - End integrity checks thread
2020-12-04 22:17:07,484 [INFO] McuFinderGlobals:40 - Set McuFinder mode to 2 (CubeIDE integrated)
2020-12-04 22:17:07,497 [INFO] FinderPluginLoader:86 - Searching for filters in installed packs
2020-12-04 22:17:07,502 [INFO] DbMcusXml:110 - Load MCU database from C:\ST\STM32CubeIDE_1.3.0\STM32CubeIDE\plugins\com.st.stm32cube.common.mx_5.6.0.202002181639\\db\/mcu/families.xml
2020-12-04 22:17:08,270 [INFO] DbMcusJson:90 - JSON generation date=Thu Nov 05 21:35:07 IST 2020 (1604592307)
2020-12-04 22:17:08,978 [INFO] DbMcus:171 - Found 1670 MCUs (1625 are supported by CubeMX, 1625 are visible in CubeMX)
2020-12-04 22:17:08,982 [INFO] ApiDb:158 - Load user favorites file C:\Users\vivek/.stm32cubeide/favorites.mcus.txt: 0 item(s)
2020-12-04 22:17:08,982 [INFO] ApiDb:163 - User favorites MCUs=[]
2020-12-04 22:17:08,982 [INFO] DbMcus:183 - Set 0 / 0 favorites MCUs
2020-12-04 22:17:09,985 [INFO] McuFilterPanel:249 - Update 0 favorites MCUs
2020-12-04 22:17:10,115 [INFO] DbBoardsPdsc:92 - Found 22 items
2020-12-04 22:17:10,120 [INFO] DbBoardsPdsc:92 - Found 9 items
2020-12-04 22:17:10,120 [INFO] DbBoardsPdsc:92 - Found 28 items
2020-12-04 22:17:10,125 [INFO] DbBoardsPdsc:92 - Found 1 items
2020-12-04 22:17:10,130 [INFO] DbBoardsPdsc:92 - Found 40 items
2020-12-04 22:17:10,132 [INFO] DbBoardsPdsc:92 - Found 39 items
2020-12-04 22:17:10,137 [INFO] DbBoardsPdsc:92 - Found 2 items
2020-12-04 22:17:10,137 [INFO] DbBoardsPdsc:92 - Found 4 items
2020-12-04 22:17:10,140 [WARN] DbBoardsPdsc:256 - Board STM32H7B3I-DK: unknown feature type=Audio, name=, username=Audio stereo codec with Headphone Amp (CS42L51-CNZ), n=1
2020-12-04 22:17:10,140 [WARN] DbBoardsPdsc:256 - Board STM32H7B3I-DK: unknown feature type=WIFI, name=, username=WIFI 802.11 b/g/n, n=1
2020-12-04 22:17:10,145 [WARN] DbBoardsPdsc:256 - Board STM32H7B3I-EVAL: unknown feature type=Audio, name=, username=Multi-Channel Audio Codec (CS42L51-CNZ), n=1
2020-12-04 22:17:10,145 [WARN] DbBoardsPdsc:256 - Board STM32H7B3I-EVAL: unknown feature type=Meter, name=, username=Power-metering and Temperature-monitoring with sigma-delta modulators, n=1
2020-12-04 22:17:10,145 [WARN] DbBoardsPdsc:256 - Board STM32H7B3I-EVAL: unknown feature type=WIFI, name=, username=WIFI 802.11 a/b/g/n, n=1
2020-12-04 22:17:10,145 [WARN] DbBoardsPdsc:256 - Board STM32H7B3I-EVAL: unknown feature type=Motor, name=, username=Motor Control, n=1
2020-12-04 22:17:10,160 [INFO] DbBoardsJson:80 - JSON generation date=Thu Jul 02 19:05:57 IST 2020 (1593696957)
2020-12-04 22:17:10,165 [INFO] DbBoards:120 - Found 146 boards (142 are supported by CubeMX)
2020-12-04 22:17:10,172 [INFO] DbBoardsDocs:131 - JSON generation date=Mon Jul 27 18:28:30 IST 2020 (1595854710)
2020-12-04 22:17:10,187 [INFO] DbBoardsDocs:70 - Found 185 boards documents
2020-12-04 22:17:10,187 [WARN] DbBoards:130 - board NUCLEO-H743ZI2 has no document id list !
2020-12-04 22:17:10,187 [WARN] DbBoards:130 - board P-NUCLEO-WB55-Nucleo has no document id list !
2020-12-04 22:17:10,187 [WARN] DbBoards:130 - board P-NUCLEO-WB55-USBDongle has no document id list !
2020-12-04 22:17:10,192 [WARN] DbBoards:130 - board NUCLEO-WB35CE has no document id list !
2020-12-04 22:17:10,192 [WARN] DbBoards:130 - board STM32F401C-DISCO has no document id list !
2020-12-04 22:17:10,192 [WARN] DbBoards:130 - board STM32F769I-DISC1 has no document id list !
2020-12-04 22:17:10,192 [WARN] DbBoards:152 - board B-G474E-DPOW1 / document id not found: 4624
2020-12-04 22:17:10,192 [WARN] DbBoards:152 - board B-G474E-DPOW1 / document id not found: 4625
2020-12-04 22:17:10,192 [WARN] DbBoards:130 - board STM32L-DISCOVERY has no document id list !
2020-12-04 22:17:10,192 [WARN] DbBoards:130 - board STM32H747I-DISC1 has no document id list !
2020-12-04 22:17:10,192 [WARN] DbBoards:130 - board STM32MP157A-DK1 has no document id list !
2020-12-04 22:17:10,192 [WARN] DbBoards:130 - board STM32H743I-EVAL2 has no document id list !
2020-12-04 22:17:10,192 [WARN] DbBoards:130 - board STM32H753I-EVAL2 has no document id list !
2020-12-04 22:17:10,192 [WARN] DbBoards:130 - board STM32G474E-EVAL1 has no document id list !
2020-12-04 22:17:10,192 [WARN] DbBoards:130 - board STEVAL-BFA001V1B has no document id list !
2020-12-04 22:17:10,192 [WARN] DbBoards:130 - board STEVAL-BFA001V2B has no document id list !
2020-12-04 22:17:10,192 [WARN] DbBoards:130 - board STEVAL-MKSBOX1V1 has no document id list !
2020-12-04 22:17:10,192 [WARN] DbBoards:130 - board STEVAL-STWINKT1 has no document id list !
2020-12-04 22:17:10,192 [WARN] DbBoards:130 - board STEVAL-IDP005V1 has no document id list !
2020-12-04 22:17:10,192 [WARN] DbBoards:130 - board STEVAL-IDP005V2 has no document id list !
2020-12-04 22:17:12,269 [ERROR] DbBoards:192 - Image file not found for board B-L4S5I-IOT01A: C:\ST\STM32CubeIDE_1.3.0\STM32CubeIDE\plugins\com.st.stm32cube.common.mx_5.6.0.202002181639\\db\/plugins/mcufinder/images/boards/B-L4S5I-IOT01A_small.jpg
2020-12-04 22:17:12,269 [INFO] ApiDb:158 - Load user favorites file C:\Users\vivek/.stm32cubeide/favorites.boards.txt: 0 item(s)
2020-12-04 22:17:12,269 [INFO] ApiDb:163 - User favorites Boards=[]
2020-12-04 22:17:12,273 [INFO] DbBoards:209 - Set 0 / 0 favorites Boards
2020-12-04 22:17:12,354 [INFO] BoardFilterPanel:211 - Update 0 favorites Boards
2020-12-04 22:17:12,463 [INFO] CrossSelectorPresenter:1319 - Cross Selector saved comparison directory: C:\Users\vivek\.stmcufinder\plugins\mcufinder\mcu\cs_comparisons_mx
2020-12-04 22:17:24,054 [INFO] DbMcusDocs:142 - JSON generation date=Thu Nov 05 21:35:07 IST 2020 (1604592307)
2020-12-04 22:17:24,162 [INFO] DbMcusDocs:77 - Found 601 MCUs documents
2020-12-04 22:17:53,580 [INFO] LogOutputStream:76 - [STDOUT_REDIRECT] withoutVersionV1.25.0
2020-12-04 22:17:53,834 [INFO] LogOutputStream:76 - [STDOUT_REDIRECT] File copied successfully!!
2020-12-04 22:18:01,941 [ERROR] ServerAccessManage:1004 - Warning during Server Connexion :  Unknown host sw-center.st.com
2020-12-04 22:18:01,946 [ERROR] ServerAccessManage:1004 - Warning during Server Connexion :  Unknown host www.ebuc23.com
2020-12-04 22:18:01,950 [INFO] MainUpdater:2230 - connection check result : 22
2020-12-04 22:18:05,738 [INFO] MicroXplorer:390 - Change Database Path : 
2020-12-04 22:18:05,738 [INFO] MicroXplorer:420 - Change Database Version : DB.5.0.60
2020-12-04 22:18:05,740 [INFO] PinOutPanel:1420 - setPackage(No Configuration,No Configuration)
2020-12-04 22:18:05,742 [INFO] UtilMem:74 - Begin LoadConfig() Used Memory: 403917984 Bytes (577765376)
2020-12-04 22:18:05,742 [INFO] MicroXplorer:390 - Change Database Path : 
2020-12-04 22:18:05,743 [INFO] MicroXplorer:420 - Change Database Version : DB.5.0.60
2020-12-04 22:18:05,743 [INFO] OpenFileManager:274 - Change cursor
2020-12-04 22:18:07,928 [INFO] ImportTextPane:162 - (OptionalMessage_ERROR) Unable to find key (Mcu.ThirdPartyNb) in loaded IOC file
2020-12-04 22:18:07,928 [INFO] ImportTextPane:162 - (OptionalMessage_ERROR) Unable to find key (Mcu.PinsNb) in loaded IOC file
2020-12-04 22:18:07,928 [INFO] ImportTextPane:162 - (OptionalMessage_ERROR) Unable to find key (Mcu.IPNb) in loaded IOC file
2020-12-04 22:18:08,211 [INFO] UtilMem:74 - End LoadConfig() Used Memory: 406432344 Bytes (577765376)
2020-12-04 22:18:08,228 [INFO] ThirdPartyDb:295 - Open Third Party DataBase File (C:/Users/vivek/.stm32cubemx/plugins/thirdparty/db/thirdparties_db.xml) : 6 ms. number of Sw pack : 24
2020-12-04 22:18:08,430 [INFO] ThirdParty:899 - CMSIS Pack Vendor :STMicroelectronics X-CUBE-BLE1 5.0.0
2020-12-04 22:18:08,430 [INFO] ThirdParty:899 - CMSIS Pack Vendor :STMicroelectronics X-CUBE-SUBG2 1.1.0
2020-12-04 22:18:08,430 [INFO] ThirdParty:899 - CMSIS Pack Vendor :STMicroelectronics X-CUBE-GNSS1 4.1.0
2020-12-04 22:18:08,430 [INFO] ThirdParty:899 - CMSIS Pack Vendor :STMicroelectronics X-CUBE-MEMS1 8.1.1
2020-12-04 22:18:08,431 [INFO] ThirdParty:899 - CMSIS Pack Vendor :STMicroelectronics X-CUBE-MEMS1 8.1.0
2020-12-04 22:18:08,431 [INFO] ThirdParty:899 - CMSIS Pack Vendor :STMicroelectronics FreeRTOS 0.0.1
2020-12-04 22:18:08,431 [INFO] ThirdParty:899 - CMSIS Pack Vendor :STMicroelectronics X-CUBE-ALGOBUILD 1.0.0
2020-12-04 22:18:08,431 [INFO] ThirdParty:899 - CMSIS Pack Vendor :STMicroelectronics X-CUBE-BLE2 2.0.0
2020-12-04 22:18:08,431 [INFO] ThirdParty:899 - CMSIS Pack Vendor :STMicroelectronics X-CUBE-ALGOBUILD 1.1.0
2020-12-04 22:18:08,431 [INFO] ThirdParty:899 - CMSIS Pack Vendor :STMicroelectronics X-CUBE-GNSS1 5.0.0
2020-12-04 22:18:08,431 [INFO] ThirdParty:899 - CMSIS Pack Vendor :STMicroelectronics X-CUBE-SUBG2 2.0.0
2020-12-04 22:18:08,431 [INFO] ThirdParty:899 - CMSIS Pack Vendor :STMicroelectronics X-CUBE-BLE1 6.0.0
2020-12-04 22:18:08,431 [INFO] ThirdParty:899 - CMSIS Pack Vendor :STMicroelectronics X-CUBE-TOUCHGFX 4.13.0
2020-12-04 22:18:08,431 [INFO] ThirdParty:899 - CMSIS Pack Vendor :STMicroelectronics X-CUBE-NFC4 1.5.2
2020-12-04 22:18:08,431 [INFO] ThirdParty:899 - CMSIS Pack Vendor :STMicroelectronics X-CUBE-TOUCHGFX 4.15.0
2020-12-04 22:18:08,431 [INFO] ThirdParty:899 - CMSIS Pack Vendor :STMicroelectronics X-CUBE-TOUCHGFX 4.14.0
2020-12-04 22:18:08,431 [INFO] ThirdParty:899 - CMSIS Pack Vendor :STMicroelectronics X-CUBE-AI 5.2.0
2020-12-04 22:18:08,431 [INFO] ThirdParty:899 - CMSIS Pack Vendor :STMicroelectronics X-CUBE-MEMS1 7.2.0
2020-12-04 22:18:08,431 [INFO] ThirdParty:899 - CMSIS Pack Vendor :STMicroelectronics X-CUBE-AI 5.1.2
2020-12-04 22:18:08,431 [INFO] ThirdParty:899 - CMSIS Pack Vendor :STMicroelectronics X-CUBE-NFC4 2.0.0
2020-12-04 22:18:08,431 [INFO] ThirdParty:899 - CMSIS Pack Vendor :STMicroelectronics X-CUBE-BLE2 3.0.0
2020-12-04 22:18:08,431 [INFO] ThirdParty:899 - CMSIS Pack Vendor :STMicroelectronics X-CUBE-AI 5.1.0
2020-12-04 22:18:08,431 [INFO] ThirdParty:899 - CMSIS Pack Vendor :STMicroelectronics X-CUBE-BLE2 1.0.0
2020-12-04 22:18:08,673 [INFO] PinOutPanel:1420 - setPackage(No Configuration,No Configuration)
2020-12-04 22:18:08,675 [INFO] PinOutPanel:1420 - setPackage(STM32F407VETx,LQFP100)
2020-12-04 22:18:09,026 [INFO] UtilMem:74 - Before build in PCC Used Memory: 398863824 Bytes (577765376)
2020-12-04 22:18:09,391 [INFO] SharedServices:71 - Folder for power plug-in: C:/Users/vivek/.stm32cubemx/plugins/power
2020-12-04 22:18:09,433 [INFO] SharedServices:71 - Folder for power plug-in: C:/Users/vivek/.stm32cubemx/plugins/power
2020-12-04 22:18:09,474 [INFO] SharedServices:71 - Folder for power plug-in: C:/Users/vivek/.stm32cubemx/plugins/power
2020-12-04 22:18:09,479 [INFO] SharedServices:71 - Folder for power plug-in: C:/Users/vivek/.stm32cubemx/plugins/power
2020-12-04 22:18:09,680 [INFO] UtilMem:74 - After build in PCC Used Memory: 457584080 Bytes (577765376)
2020-12-04 22:18:09,698 [INFO] IPUIPlugin:65 - create IPUIPlugin
2020-12-04 22:18:09,698 [INFO] IPUIPlugin:65 - create IPUIPlugin
2020-12-04 22:18:09,698 [INFO] IPUIPlugin:65 - create IPUIPlugin
2020-12-04 22:18:09,698 [INFO] IPUIPlugin:65 - create IPUIPlugin
2020-12-04 22:18:09,698 [INFO] IPUIPlugin:65 - create IPUIPlugin
2020-12-04 22:18:09,698 [INFO] IPUIPlugin:65 - create IPUIPlugin
2020-12-04 22:18:09,698 [INFO] IPUIPlugin:65 - create IPUIPlugin
2020-12-04 22:18:09,698 [INFO] IPUIPlugin:65 - create IPUIPlugin
2020-12-04 22:18:09,698 [INFO] IPUIPlugin:65 - create IPUIPlugin
2020-12-04 22:18:09,698 [INFO] IPUIPlugin:65 - create IPUIPlugin
2020-12-04 22:18:09,698 [INFO] IPUIPlugin:65 - create IPUIPlugin
2020-12-04 22:18:09,698 [INFO] IPUIPlugin:65 - create IPUIPlugin
2020-12-04 22:18:09,698 [INFO] IPUIPlugin:65 - create IPUIPlugin
2020-12-04 22:18:09,698 [INFO] IPUIPlugin:65 - create IPUIPlugin
2020-12-04 22:18:09,698 [INFO] IPUIPlugin:65 - create IPUIPlugin
2020-12-04 22:18:09,698 [INFO] IPUIPlugin:65 - create IPUIPlugin
2020-12-04 22:18:09,698 [INFO] IPUIPlugin:65 - create IPUIPlugin
2020-12-04 22:18:09,698 [INFO] IPUIPlugin:65 - create IPUIPlugin
2020-12-04 22:18:09,703 [INFO] IPUIPlugin:65 - create IPUIPlugin
2020-12-04 22:18:09,703 [INFO] IPUIPlugin:65 - create IPUIPlugin
2020-12-04 22:18:09,703 [INFO] IPUIPlugin:65 - create IPUIPlugin
2020-12-04 22:18:09,703 [INFO] IPUIPlugin:65 - create IPUIPlugin
2020-12-04 22:18:09,703 [INFO] IPUIPlugin:65 - create IPUIPlugin
2020-12-04 22:18:09,703 [INFO] IPUIPlugin:65 - create IPUIPlugin
2020-12-04 22:18:09,703 [INFO] IPUIPlugin:65 - create IPUIPlugin
2020-12-04 22:18:09,703 [INFO] IPUIPlugin:65 - create IPUIPlugin
2020-12-04 22:18:09,703 [INFO] IPUIPlugin:65 - create IPUIPlugin
2020-12-04 22:18:09,703 [INFO] IPUIPlugin:65 - create IPUIPlugin
2020-12-04 22:18:09,703 [INFO] IPUIPlugin:65 - create IPUIPlugin
2020-12-04 22:18:09,703 [INFO] IPUIPlugin:65 - create IPUIPlugin
2020-12-04 22:18:09,703 [INFO] IPUIPlugin:65 - create IPUIPlugin
2020-12-04 22:18:09,703 [INFO] IPUIPlugin:65 - create IPUIPlugin
2020-12-04 22:18:09,703 [INFO] IPUIPlugin:65 - create IPUIPlugin
2020-12-04 22:18:09,703 [INFO] IPUIPlugin:65 - create IPUIPlugin
2020-12-04 22:18:09,703 [INFO] IPUIPlugin:65 - create IPUIPlugin
2020-12-04 22:18:09,703 [INFO] IPUIPlugin:65 - create IPUIPlugin
2020-12-04 22:18:09,703 [INFO] IPUIPlugin:65 - create IPUIPlugin
2020-12-04 22:18:09,703 [INFO] IPUIPlugin:65 - create IPUIPlugin
2020-12-04 22:18:09,703 [INFO] IPUIPlugin:65 - create IPUIPlugin
2020-12-04 22:18:09,708 [INFO] IPUIPlugin:65 - create IPUIPlugin
2020-12-04 22:18:09,708 [INFO] IPUIPlugin:65 - create IPUIPlugin
2020-12-04 22:18:09,708 [INFO] IPUIPlugin:65 - create IPUIPlugin
2020-12-04 22:18:09,708 [INFO] IPUIPlugin:65 - create IPUIPlugin
2020-12-04 22:18:09,708 [INFO] IPUIPlugin:65 - create IPUIPlugin
2020-12-04 22:18:09,708 [INFO] IPUIPlugin:65 - create IPUIPlugin
2020-12-04 22:18:09,708 [INFO] IPUIPlugin:65 - create IPUIPlugin
2020-12-04 22:18:09,708 [INFO] IPUIPlugin:65 - create IPUIPlugin
2020-12-04 22:18:09,708 [INFO] IPUIPlugin:65 - create IPUIPlugin
2020-12-04 22:18:09,708 [INFO] IPUIPlugin:65 - create IPUIPlugin
2020-12-04 22:18:09,708 [INFO] IPUIPlugin:65 - create IPUIPlugin
2020-12-04 22:18:09,708 [INFO] IPUIPlugin:65 - create IPUIPlugin
2020-12-04 22:18:09,708 [INFO] IPUIPlugin:65 - create IPUIPlugin
2020-12-04 22:18:09,708 [INFO] IPUIPlugin:65 - create IPUIPlugin
2020-12-04 22:18:09,708 [INFO] IPUIPlugin:65 - create IPUIPlugin
2020-12-04 22:18:09,708 [INFO] IPUIPlugin:65 - create IPUIPlugin
2020-12-04 22:18:09,708 [INFO] IPUIPlugin:65 - create IPUIPlugin
2020-12-04 22:18:09,708 [INFO] IPUIPlugin:65 - create IPUIPlugin
2020-12-04 22:18:09,708 [INFO] IPUIPlugin:65 - create IPUIPlugin
2020-12-04 22:18:09,736 [INFO] LogOutputStream:76 - [STDOUT_REDIRECT] toolchainItems.length=====1
2020-12-04 22:18:09,818 [INFO] OpenFileManager:294 - Restore cursor
2020-12-04 22:18:10,106 [INFO] UtilMem:74 - End SaveConfig() Used Memory: 227069376 Bytes (577765376)
2020-12-04 22:18:10,192 [INFO] UtilMem:74 - End SaveConfig() Used Memory: 233360832 Bytes (577765376)
2020-12-04 22:18:10,522 [INFO] BlockDiagram:2671 - set Specific Code input for plugin: SYS
2020-12-04 22:18:10,522 [INFO] BlockDiagram:2671 - set Specific Code input for plugin: NVIC
2020-12-04 22:18:10,525 [INFO] CodeGenerator:603 - code generatio: config db path: C:\ST\STM32CubeIDE_1.3.0\STM32CubeIDE\plugins\com.st.stm32cube.common.mx_5.6.0.202002181639\\db\
2020-12-04 22:18:10,788 [INFO] CodeEngine:188 - oldGeneratedFile, C:\Users\vivek\OneDrive\Desktop\RFID_RC522\STMCUBE_WorkSpace\STM32F407_RFID_RC522\MXTmpFiles\license.tmp_save
2020-12-04 22:18:11,075 [INFO] CodeEngine:206 - Generated code: C:\Users\vivek\OneDrive\Desktop\RFID_RC522\STMCUBE_WorkSpace\STM32F407_RFID_RC522\MXTmpFiles\license.tmp
2020-12-04 22:18:11,185 [INFO] LogOutputStream:76 - [STDOUT_REDIRECT] Debug : prepare data for NVIC
2020-12-04 22:18:11,186 [INFO] LogOutputStream:76 - [STDOUT_REDIRECT] Command line test
2020-12-04 22:18:11,193 [INFO] CodeEngine:188 - oldGeneratedFile, C:\Users\vivek\OneDrive\Desktop\RFID_RC522\STMCUBE_WorkSpace\STM32F407_RFID_RC522\Core\Src\stm32f4xx_it.c_save
2020-12-04 22:18:11,308 [INFO] CodeEngine:206 - Generated code: C:\Users\vivek\OneDrive\Desktop\RFID_RC522\STMCUBE_WorkSpace\STM32F407_RFID_RC522\Core\Src\stm32f4xx_it.c
2020-12-04 22:18:11,319 [INFO] CodeEngine:188 - oldGeneratedFile, C:\Users\vivek\OneDrive\Desktop\RFID_RC522\STMCUBE_WorkSpace\STM32F407_RFID_RC522\Core\Inc\stm32f4xx_it.h_save
2020-12-04 22:18:11,384 [INFO] CodeEngine:206 - Generated code: C:\Users\vivek\OneDrive\Desktop\RFID_RC522\STMCUBE_WorkSpace\STM32F407_RFID_RC522\Core\Inc\stm32f4xx_it.h
2020-12-04 22:18:11,396 [INFO] CodeEngine:188 - oldGeneratedFile, C:\Users\vivek\OneDrive\Desktop\RFID_RC522\STMCUBE_WorkSpace\STM32F407_RFID_RC522\Core\Src\stm32f4xx_hal_msp.c_save
2020-12-04 22:18:11,489 [INFO] CodeEngine:206 - Generated code: C:\Users\vivek\OneDrive\Desktop\RFID_RC522\STMCUBE_WorkSpace\STM32F407_RFID_RC522\Core\Src\stm32f4xx_hal_msp.c
2020-12-04 22:18:11,500 [INFO] CodeEngine:188 - oldGeneratedFile, C:\Users\vivek\OneDrive\Desktop\RFID_RC522\STMCUBE_WorkSpace\STM32F407_RFID_RC522\MXTmpFiles\system.tmp_save
2020-12-04 22:18:11,558 [INFO] CodeEngine:206 - Generated code: C:\Users\vivek\OneDrive\Desktop\RFID_RC522\STMCUBE_WorkSpace\STM32F407_RFID_RC522\MXTmpFiles\system.tmp
2020-12-04 22:18:11,565 [INFO] CodeEngine:188 - oldGeneratedFile, C:\Users\vivek\OneDrive\Desktop\RFID_RC522\STMCUBE_WorkSpace\STM32F407_RFID_RC522\Core\Inc\stm32f4xx_hal_conf.h_save
2020-12-04 22:18:11,638 [INFO] CodeEngine:206 - Generated code: C:\Users\vivek\OneDrive\Desktop\RFID_RC522\STMCUBE_WorkSpace\STM32F407_RFID_RC522\Core\Inc\stm32f4xx_hal_conf.h
2020-12-04 22:18:11,660 [INFO] CodeEngine:188 - oldGeneratedFile, C:\Users\vivek\OneDrive\Desktop\RFID_RC522\STMCUBE_WorkSpace\STM32F407_RFID_RC522\Core\Inc\main.h_save
2020-12-04 22:18:11,750 [INFO] CodeEngine:206 - Generated code: C:\Users\vivek\OneDrive\Desktop\RFID_RC522\STMCUBE_WorkSpace\STM32F407_RFID_RC522\Core\Inc\main.h
2020-12-04 22:18:11,757 [INFO] CodeEngine:188 - oldGeneratedFile, C:\Users\vivek\OneDrive\Desktop\RFID_RC522\STMCUBE_WorkSpace\STM32F407_RFID_RC522\Core\Src\main.c_save
2020-12-04 22:18:11,993 [INFO] CodeEngine:206 - Generated code: C:\Users\vivek\OneDrive\Desktop\RFID_RC522\STMCUBE_WorkSpace\STM32F407_RFID_RC522\Core\Src\main.c
2020-12-04 22:18:12,484 [INFO] ProjectBuilder:2002 - Time for Copy HAL[1] : 102mS.
2020-12-04 22:18:12,488 [INFO] ProjectBuilder:2727 - Project Generator version: 3.7.1
2020-12-04 22:18:13,000 [INFO] ConfigFileManager:1066 - The Die is : DIE413
2020-12-04 22:18:18,315 [INFO] ProjectBuilder:2894 - Time for Generating toolchain IDE Files: 5827mS.
2020-12-04 22:18:18,315 [INFO] ProjectBuilder:1878 - Time for Copy CMSIS : 0mS.
2020-12-04 22:18:18,320 [INFO] ProjectBuilder:1878 - Time for Copy CMSIS : 0mS.
2020-12-04 22:19:55,461 [INFO] NvicIntPanel:88 - NVIC parent = com.st.microxplorer.plugins.ip.nvic.MultiNvicIntPanel[,0,0,0x0,invalid,layout=javax.swing.BoxLayout,alignmentX=0.0,alignmentY=0.0,border=,flags=9,maximumSize=,minimumSize=,preferredSize=]
2020-12-04 22:20:42,037 [INFO] NvicIntPanel:88 - NVIC parent = com.st.microxplorer.plugins.ip.nvic.MultiNvicIntPanel[,0,0,0x0,invalid,layout=javax.swing.BoxLayout,alignmentX=0.0,alignmentY=0.0,border=,flags=9,maximumSize=,minimumSize=,preferredSize=]
2020-12-04 22:21:44,178 [INFO] UtilMem:74 - End SaveConfig() Used Memory: 300677600 Bytes (643825664)
2020-12-04 22:21:44,398 [INFO] UtilMem:74 - End SaveConfig() Used Memory: 317981144 Bytes (643825664)
2020-12-04 22:21:44,586 [INFO] BlockDiagram:2671 - set Specific Code input for plugin: SPI
2020-12-04 22:21:44,586 [INFO] BlockDiagram:2671 - set Specific Code input for plugin: SYS
2020-12-04 22:21:44,586 [INFO] BlockDiagram:2671 - set Specific Code input for plugin: RCC
2020-12-04 22:21:44,586 [INFO] BlockDiagram:2671 - set Specific Code input for plugin: NVIC
2020-12-04 22:21:44,586 [INFO] BlockDiagram:2671 - set Specific Code input for plugin: USART
2020-12-04 22:21:44,586 [INFO] BlockDiagram:2671 - set Specific Code input for plugin: GPIO
2020-12-04 22:21:44,590 [INFO] CodeGenerator:603 - code generatio: config db path: C:\ST\STM32CubeIDE_1.3.0\STM32CubeIDE\plugins\com.st.stm32cube.common.mx_5.6.0.202002181639\\db\
2020-12-04 22:21:44,752 [INFO] CodeEngine:188 - oldGeneratedFile, C:\Users\vivek\OneDrive\Desktop\RFID_RC522\STMCUBE_WorkSpace\STM32F407_RFID_RC522\MXTmpFiles\license.tmp_save
2020-12-04 22:21:44,804 [INFO] CodeEngine:206 - Generated code: C:\Users\vivek\OneDrive\Desktop\RFID_RC522\STMCUBE_WorkSpace\STM32F407_RFID_RC522\MXTmpFiles\license.tmp
2020-12-04 22:21:44,838 [INFO] CodeEngine:188 - oldGeneratedFile, C:\Users\vivek\OneDrive\Desktop\RFID_RC522\STMCUBE_WorkSpace\STM32F407_RFID_RC522\MXTmpFiles\gpio.tmp_save
2020-12-04 22:21:44,897 [INFO] CodeEngine:206 - Generated code: C:\Users\vivek\OneDrive\Desktop\RFID_RC522\STMCUBE_WorkSpace\STM32F407_RFID_RC522\MXTmpFiles\gpio.tmp
2020-12-04 22:21:44,948 [INFO] LogOutputStream:76 - [STDOUT_REDIRECT] Command line
2020-12-04 22:21:44,951 [INFO] LogOutputStream:76 - [STDOUT_REDIRECT] Debug : prepare data for SPI
2020-12-04 22:21:44,951 [INFO] LogOutputStream:76 - [STDOUT_REDIRECT] Command line test
2020-12-04 22:21:44,953 [INFO] LogOutputStream:76 - [STDOUT_REDIRECT] Command line
2020-12-04 22:21:44,953 [INFO] LogOutputStream:76 - [STDOUT_REDIRECT] Debug : prepare data for USART
2020-12-04 22:21:44,953 [INFO] LogOutputStream:76 - [STDOUT_REDIRECT] Command line test
2020-12-04 22:21:44,957 [INFO] LogOutputStream:76 - [STDOUT_REDIRECT] Debug : prepare data for NVIC
2020-12-04 22:21:44,957 [INFO] LogOutputStream:76 - [STDOUT_REDIRECT] Command line test
2020-12-04 22:21:44,969 [INFO] CodeEngine:188 - oldGeneratedFile, C:\Users\vivek\OneDrive\Desktop\RFID_RC522\STMCUBE_WorkSpace\STM32F407_RFID_RC522\Core\Src\stm32f4xx_it.c_save
2020-12-04 22:21:45,062 [INFO] CodeEngine:206 - Generated code: C:\Users\vivek\OneDrive\Desktop\RFID_RC522\STMCUBE_WorkSpace\STM32F407_RFID_RC522\Core\Src\stm32f4xx_it.c
2020-12-04 22:21:45,068 [INFO] CodeEngine:188 - oldGeneratedFile, C:\Users\vivek\OneDrive\Desktop\RFID_RC522\STMCUBE_WorkSpace\STM32F407_RFID_RC522\Core\Inc\stm32f4xx_it.h_save
2020-12-04 22:21:45,139 [INFO] CodeEngine:206 - Generated code: C:\Users\vivek\OneDrive\Desktop\RFID_RC522\STMCUBE_WorkSpace\STM32F407_RFID_RC522\Core\Inc\stm32f4xx_it.h
2020-12-04 22:21:45,150 [INFO] CodeEngine:188 - oldGeneratedFile, C:\Users\vivek\OneDrive\Desktop\RFID_RC522\STMCUBE_WorkSpace\STM32F407_RFID_RC522\Core\Src\stm32f4xx_hal_msp.c_save
2020-12-04 22:21:45,263 [INFO] CodeEngine:206 - Generated code: C:\Users\vivek\OneDrive\Desktop\RFID_RC522\STMCUBE_WorkSpace\STM32F407_RFID_RC522\Core\Src\stm32f4xx_hal_msp.c
2020-12-04 22:21:45,269 [INFO] CodeEngine:188 - oldGeneratedFile, C:\Users\vivek\OneDrive\Desktop\RFID_RC522\STMCUBE_WorkSpace\STM32F407_RFID_RC522\MXTmpFiles\system.tmp_save
2020-12-04 22:21:45,332 [INFO] CodeEngine:206 - Generated code: C:\Users\vivek\OneDrive\Desktop\RFID_RC522\STMCUBE_WorkSpace\STM32F407_RFID_RC522\MXTmpFiles\system.tmp
2020-12-04 22:21:45,339 [INFO] CodeEngine:188 - oldGeneratedFile, C:\Users\vivek\OneDrive\Desktop\RFID_RC522\STMCUBE_WorkSpace\STM32F407_RFID_RC522\Core\Inc\stm32f4xx_hal_conf.h_save
2020-12-04 22:21:45,409 [INFO] CodeEngine:206 - Generated code: C:\Users\vivek\OneDrive\Desktop\RFID_RC522\STMCUBE_WorkSpace\STM32F407_RFID_RC522\Core\Inc\stm32f4xx_hal_conf.h
2020-12-04 22:21:45,483 [WARN] IPConfigManager:2701 - IP not found : gpio
2020-12-04 22:21:45,483 [WARN] CodeGenerator:2649 - IP not found : gpio
2020-12-04 22:21:45,491 [INFO] CodeEngine:188 - oldGeneratedFile, C:\Users\vivek\OneDrive\Desktop\RFID_RC522\STMCUBE_WorkSpace\STM32F407_RFID_RC522\Core\Inc\main.h_save
2020-12-04 22:21:45,557 [INFO] CodeEngine:206 - Generated code: C:\Users\vivek\OneDrive\Desktop\RFID_RC522\STMCUBE_WorkSpace\STM32F407_RFID_RC522\Core\Inc\main.h
2020-12-04 22:21:45,571 [INFO] CodeEngine:188 - oldGeneratedFile, C:\Users\vivek\OneDrive\Desktop\RFID_RC522\STMCUBE_WorkSpace\STM32F407_RFID_RC522\Core\Src\main.c_save
2020-12-04 22:21:45,680 [INFO] CodeEngine:206 - Generated code: C:\Users\vivek\OneDrive\Desktop\RFID_RC522\STMCUBE_WorkSpace\STM32F407_RFID_RC522\Core\Src\main.c
2020-12-04 22:21:46,176 [INFO] ProjectBuilder:2002 - Time for Copy HAL[1] : 101mS.
2020-12-04 22:21:46,179 [INFO] ProjectBuilder:2727 - Project Generator version: 3.7.1
2020-12-04 22:21:46,626 [INFO] ConfigFileManager:1066 - The Die is : DIE413
2020-12-04 22:21:47,846 [INFO] ProjectBuilder:2894 - Time for Generating toolchain IDE Files: 1667mS.
2020-12-04 22:21:47,846 [INFO] ProjectBuilder:1878 - Time for Copy CMSIS : 0mS.
2020-12-04 22:21:47,846 [INFO] ProjectBuilder:1878 - Time for Copy CMSIS : 0mS.
2020-12-05 20:27:31,457 [INFO] Activator:176 - 


2020-12-05 20:27:31,462 [INFO] Activator:177 - !SESSION log4j initialized
